<?xml version="1.0" encoding="UTF-8"?>
<!-- Generated by org.testng.reporters.JUnitXMLReporter -->
<testsuite hostname="DESKTOP-P9I11B1" failures="1" tests="2" name="EmployeeAPITest" time="3.836" errors="0" timestamp="21 Mar 2021 06:29:20 GMT">
  <testcase classname="testCases.GetAllEmployees" name="checkCookies" time="0.026">
    <failure type="java.lang.AssertionError" message="expected [true] but found [false]">
      <![CDATA[java.lang.AssertionError: expected [true] but found [false]
	at testCases.GetAllEmployees.checkCookieParams(GetAllEmployees.java:93)
	at testCases.GetAllEmployees.checkCookies(GetAllEmployees.java:42)
... Removed 28 stack frames]]>
    </failure>
  </testcase> <!-- checkCookies -->
  <testcase classname="testCases.GetAllEmployees" name="checkHeaders" time="0.006"/>
</testsuite> <!-- EmployeeAPITest -->
